<?xml version="1.0" encoding="UTF-8"?>
<testsuite xmlns:xsi="http://www.w3.org/2001/XMLSchema-instance" xsi:noNamespaceSchemaLocation="https://maven.apache.org/surefire/maven-surefire-plugin/xsd/surefire-test-report-3.0.xsd" version="3.0" name="MenuThreadCLITest" time="1.727" tests="1" errors="0" skipped="0" failures="0">
  <properties>
[...]
</properties>
  <testcase name="testHandleUserInput" classname="MenuThreadCLITest" time="1.089">
    <system-out><![CDATA[Please enter a number: Please, enter a valid number.
Please enter a number: Container Name                Container Id                                                          Status                        Time Created        
 
-optimistic_cerf              eae733773feefb6adbbb2226c20eb9125adbe4d1fb69da2b1cafd6304eb11c8c      Up 2 seconds                  2023-12-01 01:25:48 
-nostalgic_saha               7bc75769bff7ae780bff74c743a0ecc9128e7c1f3253964f4111ce9fb2605a1c      Up About an hour              2023-12-01 01:25:29 
-crazy_shirley                73ae56fbc0ed9c010deaa16d579bea85b198811ecf8cd96fb4615f311b2ee2f6      Exited (2) 22 hours ago       2023-11-16 14:58:02 
-thirsty_gates                9b80ed1905598345a7d43aeac2306bfcd1704c880e3105aa7b5a782f3220d128      Exited (255) 5 hours ago      2023-11-16 14:56:21 
-confident_taussig            9652bf421ada78ef50a6d364ed44c4483d42bf4a8e57d34771c5cbf97c003641      Exited (255) 5 hours ago      2023-11-10 15:20:59 
-vigilant_ptolemy             09b5c327e812d660b963b3830d5390f576b7903db02c35eef0eec3185a956a45      Exited (255) 6 days ago       2023-11-10 12:32:50 

Want to run again?

For YES press Y.
For NO press N. 
Enter answer: 
]]></system-out>
  </testcase>
</testsuite>